<?xml version="1.0" encoding="UTF-8" ?>
<testsuite tests="8" failures="0" name="base.config.RunCukesTest" time="2.379" errors="0" skipped="0">
  <properties>
[...]
</properties>
  <testcase classname="| card |" name="Given I navigate to the help page url" time="0.003"/>
  <testcase classname="| card |" name="And I search for a term card" time="0.001"/>
  <testcase classname="| card |" name="Then Search results message should be displayed" time="0"/>
  <testcase classname="| card |" name="| card |" time="1.552"/>
  <testcase classname="| money |" name="Given I navigate to the help page url" time="0"/>
  <testcase classname="| money |" name="And I search for a term money" time="0"/>
  <testcase classname="| money |" name="Then Search results message should be displayed" time="0"/>
  <testcase classname="| money |" name="| money |" time="0.823"/>
</testsuite>